<?xml version="1.0" encoding="UTF-8"?>
<!-- Generated by org.testng.reporters.JUnitReportReporter -->
<testsuite skipped="0" hostname="Vineeth" name="com.testNG.GoogleTitleTest" tests="1" failures="0" timestamp="2021-01-16T13:37:22 IST" time="10.252" errors="0">
  <testcase name="googleTitleTest" time="10.252" classname="com.testNG.GoogleTitleTest"/>
  <system-out/>
</testsuite> <!-- com.testNG.GoogleTitleTest -->
