<?xml version="1.0" encoding="UTF-8"?>
<!-- Generated by org.testng.reporters.JUnitReportReporter -->
<testsuite skipped="0" hostname="Vineeth" name="com.testNG.GoogleTest" tests="1" failures="0" timestamp="2021-01-16T13:37:22 IST" time="25.535" errors="0">
  <testcase name="googleTitleTest" time="25.535" classname="com.testNG.GoogleTest"/>
  <system-out/>
</testsuite> <!-- com.testNG.GoogleTest -->
