<?xml version="1.0" encoding="UTF-8"?>
<!-- Generated by org.testng.reporters.JUnitReportReporter -->
<testsuite skipped="0" hostname="Vineeth" name="com.TestNGBasicFeatures.OtherMainFeaturesSamplesTest" tests="11" failures="0" timestamp="2021-01-17T23:27:19 IST" time="0.068" errors="0">
  <testcase name="InvocationCountSample" time="0.006" classname="com.TestNGBasicFeatures.OtherMainFeaturesSamplesTest"/>
  <system-out/>
  <testcase name="InvocationCountSample" time="0.002" classname="com.TestNGBasicFeatures.OtherMainFeaturesSamplesTest"/>
  <system-out/>
  <testcase name="InvocationCountSample" time="0.005" classname="com.TestNGBasicFeatures.OtherMainFeaturesSamplesTest"/>
  <system-out/>
  <testcase name="InvocationCountSample" time="0.008" classname="com.TestNGBasicFeatures.OtherMainFeaturesSamplesTest"/>
  <system-out/>
  <testcase name="InvocationCountSample" time="0.007" classname="com.TestNGBasicFeatures.OtherMainFeaturesSamplesTest"/>
  <system-out/>
  <testcase name="InvocationCountSample" time="0.007" classname="com.TestNGBasicFeatures.OtherMainFeaturesSamplesTest"/>
  <system-out/>
  <testcase name="InvocationCountSample" time="0.002" classname="com.TestNGBasicFeatures.OtherMainFeaturesSamplesTest"/>
  <system-out/>
  <testcase name="ArthematicExceptionSample" time="0.018" classname="com.TestNGBasicFeatures.OtherMainFeaturesSamplesTest"/>
  <system-out/>
  <testcase name="InvocationCountSample" time="0.002" classname="com.TestNGBasicFeatures.OtherMainFeaturesSamplesTest"/>
  <system-out/>
  <testcase name="InvocationCountSample" time="0.007" classname="com.TestNGBasicFeatures.OtherMainFeaturesSamplesTest"/>
  <system-out/>
  <testcase name="InvocationCountSample" time="0.004" classname="com.TestNGBasicFeatures.OtherMainFeaturesSamplesTest"/>
  <system-out/>
</testsuite> <!-- com.TestNGBasicFeatures.OtherMainFeaturesSamplesTest -->
