<?xml version="1.0" encoding="UTF-8"?>
<!-- Generated by org.testng.reporters.JUnitReportReporter -->
<testsuite skipped="0" hostname="Vineeth" name="com.TestNGParameters.ParameterTest" tests="1" failures="0" timestamp="2021-01-16T16:25:03 IST" time="61.178" errors="0">
  <testcase name="loginYahoo" time="61.178" classname="com.TestNGParameters.ParameterTest"/>
  <system-out/>
</testsuite> <!-- com.TestNGParameters.ParameterTest -->
