<?xml version="1.0" encoding="UTF-8"?>
<!-- Generated by org.testng.reporters.JUnitReportReporter -->
<testsuite skipped="0" hostname="Vineeth" name="com.testNG.OtherMainFeaturesSamplesTest" tests="11" failures="0" timestamp="2021-01-16T13:24:48 IST" time="0.026" errors="0">
  <testcase name="InvocationCountSample" time="0.004" classname="com.testNG.OtherMainFeaturesSamplesTest"/>
  <system-out/>
  <testcase name="InvocationCountSample" time="0.004" classname="com.testNG.OtherMainFeaturesSamplesTest"/>
  <system-out/>
  <testcase name="ArthematicExceptionSample" time="0.002" classname="com.testNG.OtherMainFeaturesSamplesTest"/>
  <system-out/>
  <testcase name="InvocationCountSample" time="0.002" classname="com.testNG.OtherMainFeaturesSamplesTest"/>
  <system-out/>
  <testcase name="InvocationCountSample" time="0.002" classname="com.testNG.OtherMainFeaturesSamplesTest"/>
  <system-out/>
  <testcase name="InvocationCountSample" time="0.001" classname="com.testNG.OtherMainFeaturesSamplesTest"/>
  <system-out/>
  <testcase name="InvocationCountSample" time="0.003" classname="com.testNG.OtherMainFeaturesSamplesTest"/>
  <system-out/>
  <testcase name="InvocationCountSample" time="0.002" classname="com.testNG.OtherMainFeaturesSamplesTest"/>
  <system-out/>
  <testcase name="InvocationCountSample" time="0.002" classname="com.testNG.OtherMainFeaturesSamplesTest"/>
  <system-out/>
  <testcase name="InvocationCountSample" time="0.002" classname="com.testNG.OtherMainFeaturesSamplesTest"/>
  <system-out/>
  <testcase name="InvocationCountSample" time="0.002" classname="com.testNG.OtherMainFeaturesSamplesTest"/>
  <system-out/>
</testsuite> <!-- com.testNG.OtherMainFeaturesSamplesTest -->
