<?xml version="1.0" encoding="UTF-8"?>
<!-- Generated by org.testng.reporters.JUnitReportReporter -->
<testsuite skipped="0" hostname="Vineeth" name="com.testNG.PrioritySampleTest" tests="9" failures="0" timestamp="2021-01-16T13:37:22 IST" time="0.029" errors="0">
  <testcase name="NegativePrioritytwo" time="0.014" classname="com.testNG.PrioritySampleTest"/>
  <system-out/>
  <testcase name="NegativePriorityone" time="0.002" classname="com.testNG.PrioritySampleTest"/>
  <system-out/>
  <testcase name="ZNoPriorityTag" time="0.002" classname="com.testNG.PrioritySampleTest"/>
  <system-out/>
  <testcase name="ANoPriorityTag" time="0.001" classname="com.testNG.PrioritySampleTest"/>
  <system-out/>
  <testcase name="PriorityZero" time="0.002" classname="com.testNG.PrioritySampleTest"/>
  <system-out/>
  <testcase name="PositivePriorityone" time="0.001" classname="com.testNG.PrioritySampleTest"/>
  <system-out/>
  <testcase name="DPositivePrioritytwo" time="0.004" classname="com.testNG.PrioritySampleTest"/>
  <system-out/>
  <testcase name="PositivePrioritytwo" time="0.002" classname="com.testNG.PrioritySampleTest"/>
  <system-out/>
  <testcase name="PositivePrioritythree" time="0.001" classname="com.testNG.PrioritySampleTest"/>
  <system-out/>
</testsuite> <!-- com.testNG.PrioritySampleTest -->
