<?xml version="1.0" encoding="UTF-8"?>
<!-- Generated by org.testng.reporters.JUnitReportReporter -->
<testsuite skipped="0" hostname="Vineeth" name="com.testNG.TestNGBasics" tests="1" failures="0" timestamp="2021-01-16T13:37:22 IST" time="0.005" errors="0">
  <testcase name="verifyHomePageTitle" time="0.005" classname="com.testNG.TestNGBasics"/>
  <system-out/>
</testsuite> <!-- com.testNG.TestNGBasics -->
