<?xml version="1.0" encoding="UTF-8"?>
<!-- Generated by org.testng.reporters.JUnitReportReporter -->
<testsuite skipped="0" hostname="Vineeth" name="com.TestNGBasicFeatures.PrioritySampleTest" tests="9" failures="0" timestamp="2021-01-17T23:05:26 IST" time="0.053" errors="0">
  <testcase name="NegativePrioritytwo" time="0.013" classname="com.TestNGBasicFeatures.PrioritySampleTest"/>
  <system-out/>
  <testcase name="NegativePriorityone" time="0.002" classname="com.TestNGBasicFeatures.PrioritySampleTest"/>
  <system-out/>
  <testcase name="ZNoPriorityTag" time="0.008" classname="com.TestNGBasicFeatures.PrioritySampleTest"/>
  <system-out/>
  <testcase name="PriorityZero" time="0.006" classname="com.TestNGBasicFeatures.PrioritySampleTest"/>
  <system-out/>
  <testcase name="ANoPriorityTag" time="0.008" classname="com.TestNGBasicFeatures.PrioritySampleTest"/>
  <system-out/>
  <testcase name="PositivePriorityone" time="0.007" classname="com.TestNGBasicFeatures.PrioritySampleTest"/>
  <system-out/>
  <testcase name="DPositivePrioritytwo" time="0.002" classname="com.TestNGBasicFeatures.PrioritySampleTest"/>
  <system-out/>
  <testcase name="PositivePrioritytwo" time="0.003" classname="com.TestNGBasicFeatures.PrioritySampleTest"/>
  <system-out/>
  <testcase name="PositivePrioritythree" time="0.004" classname="com.TestNGBasicFeatures.PrioritySampleTest"/>
  <system-out/>
</testsuite> <!-- com.TestNGBasicFeatures.PrioritySampleTest -->
